生成启动时间为 2022/5/19 20:21:14。
     1>项目“D:\沐戈\work3\work3\work3.vcxproj”在节点 2 上(Build 个目标)。
     1>ClCompile:
         D:\Program Files\VC\bin\CL.exe /c /ZI /nologo /W3 /WX- /sdl /Od /Oy- /D _MBCS /Gm /EHsc /RTC1 /MDd /GS- /fp:precise /Zc:wchar_t /Zc:forScope /Fo"Debug\\" /Fd"Debug\vc120.pdb" /Gd /TP /analyze- /errorReport:prompt "源.cpp"
     1>cl : 命令行 warning D9025: 正在重写“/sdl”(用“/GS-”)
         源.cpp
     1>d:\沐戈\work3\work3\源.cpp(420): warning C4996: 'fopen': This function or variable may be unsafe. Consider using fopen_s instead. To disable deprecation, use _CRT_SECURE_NO_WARNINGS. See online help for details.
                 d:\program files\vc\include\stdio.h(211) : 参见“fopen”的声明
     1>d:\沐戈\work3\work3\源.cpp(431): warning C4996: 'fscanf': This function or variable may be unsafe. Consider using fscanf_s instead. To disable deprecation, use _CRT_SECURE_NO_WARNINGS. See online help for details.
                 d:\program files\vc\include\stdio.h(230) : 参见“fscanf”的声明
     1>d:\沐戈\work3\work3\源.cpp(432): warning C4996: 'fscanf': This function or variable may be unsafe. Consider using fscanf_s instead. To disable deprecation, use _CRT_SECURE_NO_WARNINGS. See online help for details.
                 d:\program files\vc\include\stdio.h(230) : 参见“fscanf”的声明
     1>d:\沐戈\work3\work3\源.cpp(439): warning C4996: 'strcpy': This function or variable may be unsafe. Consider using strcpy_s instead. To disable deprecation, use _CRT_SECURE_NO_WARNINGS. See online help for details.
                 d:\program files\vc\include\string.h(112) : 参见“strcpy”的声明
     1>d:\沐戈\work3\work3\源.cpp(450): warning C4996: 'fopen': This function or variable may be unsafe. Consider using fopen_s instead. To disable deprecation, use _CRT_SECURE_NO_WARNINGS. See online help for details.
                 d:\program files\vc\include\stdio.h(211) : 参见“fopen”的声明
     1>d:\沐戈\work3\work3\源.cpp(459): warning C4996: 'strcpy': This function or variable may be unsafe. Consider using strcpy_s instead. To disable deprecation, use _CRT_SECURE_NO_WARNINGS. See online help for details.
                 d:\program files\vc\include\string.h(112) : 参见“strcpy”的声明
     1>d:\沐戈\work3\work3\源.cpp(519): warning C4996: 'scanf': This function or variable may be unsafe. Consider using scanf_s instead. To disable deprecation, use _CRT_SECURE_NO_WARNINGS. See online help for details.
                 d:\program files\vc\include\stdio.h(283) : 参见“scanf”的声明
     1>d:\沐戈\work3\work3\源.cpp(525): warning C4996: 'scanf': This function or variable may be unsafe. Consider using scanf_s instead. To disable deprecation, use _CRT_SECURE_NO_WARNINGS. See online help for details.
                 d:\program files\vc\include\stdio.h(283) : 参见“scanf”的声明
     1>d:\沐戈\work3\work3\源.cpp(529): warning C4996: 'scanf': This function or variable may be unsafe. Consider using scanf_s instead. To disable deprecation, use _CRT_SECURE_NO_WARNINGS. See online help for details.
                 d:\program files\vc\include\stdio.h(283) : 参见“scanf”的声明
     1>d:\沐戈\work3\work3\源.cpp(547): warning C4996: 'scanf': This function or variable may be unsafe. Consider using scanf_s instead. To disable deprecation, use _CRT_SECURE_NO_WARNINGS. See online help for details.
                 d:\program files\vc\include\stdio.h(283) : 参见“scanf”的声明
     1>d:\沐戈\work3\work3\源.cpp(563): warning C4996: 'scanf': This function or variable may be unsafe. Consider using scanf_s instead. To disable deprecation, use _CRT_SECURE_NO_WARNINGS. See online help for details.
                 d:\program files\vc\include\stdio.h(283) : 参见“scanf”的声明
     1>d:\沐戈\work3\work3\源.cpp(577): warning C4996: 'scanf': This function or variable may be unsafe. Consider using scanf_s instead. To disable deprecation, use _CRT_SECURE_NO_WARNINGS. See online help for details.
                 d:\program files\vc\include\stdio.h(283) : 参见“scanf”的声明
     1>d:\沐戈\work3\work3\源.cpp(593): warning C4996: 'scanf': This function or variable may be unsafe. Consider using scanf_s instead. To disable deprecation, use _CRT_SECURE_NO_WARNINGS. See online help for details.
                 d:\program files\vc\include\stdio.h(283) : 参见“scanf”的声明
     1>d:\沐戈\work3\work3\源.cpp(595): warning C4996: 'scanf': This function or variable may be unsafe. Consider using scanf_s instead. To disable deprecation, use _CRT_SECURE_NO_WARNINGS. See online help for details.
                 d:\program files\vc\include\stdio.h(283) : 参见“scanf”的声明
     1>d:\沐戈\work3\work3\源.cpp(601): warning C4996: 'scanf': This function or variable may be unsafe. Consider using scanf_s instead. To disable deprecation, use _CRT_SECURE_NO_WARNINGS. See online help for details.
                 d:\program files\vc\include\stdio.h(283) : 参见“scanf”的声明
     1>d:\沐戈\work3\work3\源.cpp(611): warning C4996: 'scanf': This function or variable may be unsafe. Consider using scanf_s instead. To disable deprecation, use _CRT_SECURE_NO_WARNINGS. See online help for details.
                 d:\program files\vc\include\stdio.h(283) : 参见“scanf”的声明
     1>d:\沐戈\work3\work3\源.cpp(614): warning C4996: 'scanf': This function or variable may be unsafe. Consider using scanf_s instead. To disable deprecation, use _CRT_SECURE_NO_WARNINGS. See online help for details.
                 d:\program files\vc\include\stdio.h(283) : 参见“scanf”的声明
     1>d:\沐戈\work3\work3\源.cpp(616): warning C4996: 'scanf': This function or variable may be unsafe. Consider using scanf_s instead. To disable deprecation, use _CRT_SECURE_NO_WARNINGS. See online help for details.
                 d:\program files\vc\include\stdio.h(283) : 参见“scanf”的声明
     1>d:\沐戈\work3\work3\源.cpp(621): warning C4996: 'scanf': This function or variable may be unsafe. Consider using scanf_s instead. To disable deprecation, use _CRT_SECURE_NO_WARNINGS. See online help for details.
                 d:\program files\vc\include\stdio.h(283) : 参见“scanf”的声明
     1>d:\沐戈\work3\work3\源.cpp(623): warning C4996: 'scanf': This function or variable may be unsafe. Consider using scanf_s instead. To disable deprecation, use _CRT_SECURE_NO_WARNINGS. See online help for details.
                 d:\program files\vc\include\stdio.h(283) : 参见“scanf”的声明
     1>d:\沐戈\work3\work3\源.cpp(633): warning C4996: 'scanf': This function or variable may be unsafe. Consider using scanf_s instead. To disable deprecation, use _CRT_SECURE_NO_WARNINGS. See online help for details.
                 d:\program files\vc\include\stdio.h(283) : 参见“scanf”的声明
     1>d:\沐戈\work3\work3\源.cpp(636): warning C4996: 'scanf': This function or variable may be unsafe. Consider using scanf_s instead. To disable deprecation, use _CRT_SECURE_NO_WARNINGS. See online help for details.
                 d:\program files\vc\include\stdio.h(283) : 参见“scanf”的声明
     1>d:\沐戈\work3\work3\源.cpp(641): warning C4996: 'scanf': This function or variable may be unsafe. Consider using scanf_s instead. To disable deprecation, use _CRT_SECURE_NO_WARNINGS. See online help for details.
                 d:\program files\vc\include\stdio.h(283) : 参见“scanf”的声明
     1>d:\沐戈\work3\work3\源.cpp(651): warning C4996: 'scanf': This function or variable may be unsafe. Consider using scanf_s instead. To disable deprecation, use _CRT_SECURE_NO_WARNINGS. See online help for details.
                 d:\program files\vc\include\stdio.h(283) : 参见“scanf”的声明
     1>d:\沐戈\work3\work3\源.cpp(654): warning C4996: 'scanf': This function or variable may be unsafe. Consider using scanf_s instead. To disable deprecation, use _CRT_SECURE_NO_WARNINGS. See online help for details.
                 d:\program files\vc\include\stdio.h(283) : 参见“scanf”的声明
     1>d:\沐戈\work3\work3\源.cpp(656): warning C4996: 'scanf': This function or variable may be unsafe. Consider using scanf_s instead. To disable deprecation, use _CRT_SECURE_NO_WARNINGS. See online help for details.
                 d:\program files\vc\include\stdio.h(283) : 参见“scanf”的声明
     1>d:\沐戈\work3\work3\源.cpp(658): warning C4996: 'scanf': This function or variable may be unsafe. Consider using scanf_s instead. To disable deprecation, use _CRT_SECURE_NO_WARNINGS. See online help for details.
                 d:\program files\vc\include\stdio.h(283) : 参见“scanf”的声明
     1>d:\沐戈\work3\work3\源.cpp(663): warning C4996: 'scanf': This function or variable may be unsafe. Consider using scanf_s instead. To disable deprecation, use _CRT_SECURE_NO_WARNINGS. See online help for details.
                 d:\program files\vc\include\stdio.h(283) : 参见“scanf”的声明
     1>d:\沐戈\work3\work3\源.cpp(665): warning C4996: 'scanf': This function or variable may be unsafe. Consider using scanf_s instead. To disable deprecation, use _CRT_SECURE_NO_WARNINGS. See online help for details.
                 d:\program files\vc\include\stdio.h(283) : 参见“scanf”的声明
     1>d:\沐戈\work3\work3\源.cpp(667): warning C4996: 'scanf': This function or variable may be unsafe. Consider using scanf_s instead. To disable deprecation, use _CRT_SECURE_NO_WARNINGS. See online help for details.
                 d:\program files\vc\include\stdio.h(283) : 参见“scanf”的声明
     1>d:\沐戈\work3\work3\源.cpp(677): warning C4996: 'scanf': This function or variable may be unsafe. Consider using scanf_s instead. To disable deprecation, use _CRT_SECURE_NO_WARNINGS. See online help for details.
                 d:\program files\vc\include\stdio.h(283) : 参见“scanf”的声明
     1>d:\沐戈\work3\work3\源.cpp(680): warning C4996: 'scanf': This function or variable may be unsafe. Consider using scanf_s instead. To disable deprecation, use _CRT_SECURE_NO_WARNINGS. See online help for details.
                 d:\program files\vc\include\stdio.h(283) : 参见“scanf”的声明
     1>d:\沐戈\work3\work3\源.cpp(685): warning C4996: 'scanf': This function or variable may be unsafe. Consider using scanf_s instead. To disable deprecation, use _CRT_SECURE_NO_WARNINGS. See online help for details.
                 d:\program files\vc\include\stdio.h(283) : 参见“scanf”的声明
     1>d:\沐戈\work3\work3\源.cpp(695): warning C4996: 'scanf': This function or variable may be unsafe. Consider using scanf_s instead. To disable deprecation, use _CRT_SECURE_NO_WARNINGS. See online help for details.
                 d:\program files\vc\include\stdio.h(283) : 参见“scanf”的声明
     1>d:\沐戈\work3\work3\源.cpp(710): warning C4996: 'scanf': This function or variable may be unsafe. Consider using scanf_s instead. To disable deprecation, use _CRT_SECURE_NO_WARNINGS. See online help for details.
                 d:\program files\vc\include\stdio.h(283) : 参见“scanf”的声明
     1>d:\沐戈\work3\work3\源.cpp(725): warning C4996: 'scanf': This function or variable may be unsafe. Consider using scanf_s instead. To disable deprecation, use _CRT_SECURE_NO_WARNINGS. See online help for details.
                 d:\program files\vc\include\stdio.h(283) : 参见“scanf”的声明
     1>d:\沐戈\work3\work3\源.cpp(740): warning C4996: 'scanf': This function or variable may be unsafe. Consider using scanf_s instead. To disable deprecation, use _CRT_SECURE_NO_WARNINGS. See online help for details.
                 d:\program files\vc\include\stdio.h(283) : 参见“scanf”的声明
     1>d:\沐戈\work3\work3\源.cpp(757): warning C4996: 'scanf': This function or variable may be unsafe. Consider using scanf_s instead. To disable deprecation, use _CRT_SECURE_NO_WARNINGS. See online help for details.
                 d:\program files\vc\include\stdio.h(283) : 参见“scanf”的声明
     1>d:\沐戈\work3\work3\源.cpp(770): warning C4996: 'scanf': This function or variable may be unsafe. Consider using scanf_s instead. To disable deprecation, use _CRT_SECURE_NO_WARNINGS. See online help for details.
                 d:\program files\vc\include\stdio.h(283) : 参见“scanf”的声明
     1>d:\沐戈\work3\work3\源.cpp(773): warning C4996: 'scanf': This function or variable may be unsafe. Consider using scanf_s instead. To disable deprecation, use _CRT_SECURE_NO_WARNINGS. See online help for details.
                 d:\program files\vc\include\stdio.h(283) : 参见“scanf”的声明
     1>d:\沐戈\work3\work3\源.cpp(778): warning C4996: 'scanf': This function or variable may be unsafe. Consider using scanf_s instead. To disable deprecation, use _CRT_SECURE_NO_WARNINGS. See online help for details.
                 d:\program files\vc\include\stdio.h(283) : 参见“scanf”的声明
     1>d:\沐戈\work3\work3\源.cpp(786): warning C4996: 'scanf': This function or variable may be unsafe. Consider using scanf_s instead. To disable deprecation, use _CRT_SECURE_NO_WARNINGS. See online help for details.
                 d:\program files\vc\include\stdio.h(283) : 参见“scanf”的声明
     1>d:\沐戈\work3\work3\源.cpp(799): warning C4996: 'scanf': This function or variable may be unsafe. Consider using scanf_s instead. To disable deprecation, use _CRT_SECURE_NO_WARNINGS. See online help for details.
                 d:\program files\vc\include\stdio.h(283) : 参见“scanf”的声明
     1>d:\沐戈\work3\work3\源.cpp(813): warning C4996: 'scanf': This function or variable may be unsafe. Consider using scanf_s instead. To disable deprecation, use _CRT_SECURE_NO_WARNINGS. See online help for details.
                 d:\program files\vc\include\stdio.h(283) : 参见“scanf”的声明
     1>d:\沐戈\work3\work3\源.cpp(826): warning C4996: 'scanf': This function or variable may be unsafe. Consider using scanf_s instead. To disable deprecation, use _CRT_SECURE_NO_WARNINGS. See online help for details.
                 d:\program files\vc\include\stdio.h(283) : 参见“scanf”的声明
     1>d:\沐戈\work3\work3\源.cpp(833): warning C4996: 'scanf': This function or variable may be unsafe. Consider using scanf_s instead. To disable deprecation, use _CRT_SECURE_NO_WARNINGS. See online help for details.
                 d:\program files\vc\include\stdio.h(283) : 参见“scanf”的声明
     1>d:\沐戈\work3\work3\源.cpp(841): warning C4996: 'scanf': This function or variable may be unsafe. Consider using scanf_s instead. To disable deprecation, use _CRT_SECURE_NO_WARNINGS. See online help for details.
                 d:\program files\vc\include\stdio.h(283) : 参见“scanf”的声明
     1>d:\沐戈\work3\work3\源.cpp(500): warning C4101: “newKey”: 未引用的局部变量
     1>d:\沐戈\work3\work3\源.cpp(500): warning C4101: “next”: 未引用的局部变量
     1>d:\沐戈\work3\work3\源.cpp(500): warning C4101: “k”: 未引用的局部变量
     1>d:\沐戈\work3\work3\源.cpp(500): warning C4101: “pre”: 未引用的局部变量
       Link:
         D:\Program Files\VC\bin\link.exe /ERRORREPORT:PROMPT /OUT:"D:\沐戈\work3\Debug\work3.exe" /INCREMENTAL /NOLOGO kernel32.lib user32.lib gdi32.lib winspool.lib comdlg32.lib advapi32.lib shell32.lib ole32.lib oleaut32.lib uuid.lib odbc32.lib odbccp32.lib /MANIFEST /MANIFESTUAC:"level='asInvoker' uiAccess='false'" /manifest:embed /DEBUG /PDB:"D:\沐戈\work3\Debug\work3.pdb" /SUBSYSTEM:CONSOLE /TLBID:1 /DYNAMICBASE /NXCOMPAT /IMPLIB:"D:\沐戈\work3\Debug\work3.lib" /MACHINE:X86 "Debug\源.obj"
         work3.vcxproj -> D:\沐戈\work3\Debug\work3.exe
     1>已完成生成项目“D:\沐戈\work3\work3\work3.vcxproj”(Build 个目标)的操作。

生成成功。

已用时间 00:00:00.37
